<?xml version="1.0" encoding="UTF-8" ?>
<testsuite errors="1" failures="0" hostname="NCS-5CD010CZND" name="test.AllTests" skipped="0" tests="1" time="0.0" timestamp="2022-02-16T02:56:36">
  <properties>
[...]
</properties>
  <error message="JVMCFRE003 bad major version; class=test/AllTests, offset=6" type="java.lang.UnsupportedClassVersionError">java.lang.UnsupportedClassVersionError: JVMCFRE003 bad major version; class=test/AllTests, offset=6
	at java.lang.ClassLoader.defineClassInternal(ClassLoader.java:398)
	at java.lang.ClassLoader.defineClass(ClassLoader.java:359)
	at java.security.SecureClassLoader.defineClass(SecureClassLoader.java:154)
	at java.net.URLClassLoader.defineClass(URLClassLoader.java:730)
	at java.net.URLClassLoader.access$400(URLClassLoader.java:96)
	at java.net.URLClassLoader$ClassFinder.run(URLClassLoader.java:1187)
	at java.security.AccessController.doPrivileged(AccessController.java:770)
	at java.net.URLClassLoader.findClass(URLClassLoader.java:605)
	at java.lang.ClassLoader.loadClassHelper(ClassLoader.java:944)
	at java.lang.ClassLoader.loadClass(ClassLoader.java:889)
	at sun.misc.Launcher$AppClassLoader.loadClass(Launcher.java:349)
	at java.lang.ClassLoader.loadClass(ClassLoader.java:872)
	at java.lang.Class.forNameImpl(Native Method)
	at java.lang.Class.forName(Class.java:407)
</error>
  <system-out><![CDATA[]]></system-out>
  <system-err><![CDATA[]]></system-err>
</testsuite>
